I, [2022-01-25T21:35:04.538566 #45738]  INFO -- : Refreshing Gem list
I, [2022-01-25T21:35:05.280321 #45738]  INFO -- : listening on addr=/Users/kazuki_kinebuchi/Desktop/work/inspect_CRM_AP/tmp/sockets/unicorn.sock fd=10
I, [2022-01-25T21:35:05.368377 #45738]  INFO -- : master process ready
I, [2022-01-25T21:35:05.369477 #45751]  INFO -- : worker=0 ready
I, [2022-01-25T21:35:05.370301 #45752]  INFO -- : worker=1 ready
I, [2022-01-25T21:35:49.668468 #45738]  INFO -- : reaped #<Process::Status: pid 45752 exit 0> worker=1
I, [2022-01-25T21:35:49.668875 #45738]  INFO -- : reaped #<Process::Status: pid 45751 exit 0> worker=0
I, [2022-01-25T21:35:49.669087 #45738]  INFO -- : master complete
I, [2022-01-25T21:35:52.285755 #45754]  INFO -- : Refreshing Gem list
I, [2022-01-25T21:35:53.014159 #45754]  INFO -- : unlinking existing socket=/Users/kazuki_kinebuchi/Desktop/work/inspect_CRM_AP/tmp/sockets/unicorn.sock
I, [2022-01-25T21:35:53.014377 #45754]  INFO -- : listening on addr=/Users/kazuki_kinebuchi/Desktop/work/inspect_CRM_AP/tmp/sockets/unicorn.sock fd=10
I, [2022-01-25T21:35:53.086876 #45754]  INFO -- : master process ready
I, [2022-01-25T21:35:53.087540 #45767]  INFO -- : worker=0 ready
I, [2022-01-25T21:35:53.089490 #45768]  INFO -- : worker=1 ready
I, [2022-01-25T21:36:44.888820 #45754]  INFO -- : reaped #<Process::Status: pid 45768 exit 0> worker=1
I, [2022-01-25T21:36:44.890028 #45754]  INFO -- : reaped #<Process::Status: pid 45767 exit 0> worker=0
I, [2022-01-25T21:36:44.890886 #45754]  INFO -- : master complete
I, [2022-01-25T21:38:35.110912 #45834]  INFO -- : Refreshing Gem list
I, [2022-01-25T21:38:35.905209 #45834]  INFO -- : unlinking existing socket=/Users/kazuki_kinebuchi/Desktop/work/inspect_CRM_AP/tmp/sockets/unicorn.sock
I, [2022-01-25T21:38:35.905411 #45834]  INFO -- : listening on addr=/Users/kazuki_kinebuchi/Desktop/work/inspect_CRM_AP/tmp/sockets/unicorn.sock fd=10
I, [2022-01-25T21:38:35.993749 #45834]  INFO -- : master process ready
I, [2022-01-25T21:38:35.994735 #45847]  INFO -- : worker=0 ready
I, [2022-01-25T21:38:35.995638 #45848]  INFO -- : worker=1 ready
I, [2022-01-25T21:38:46.101482 #45834]  INFO -- : reaped #<Process::Status: pid 45848 exit 0> worker=1
I, [2022-01-25T21:38:46.101967 #45834]  INFO -- : reaped #<Process::Status: pid 45847 exit 0> worker=0
I, [2022-01-25T21:38:46.102374 #45834]  INFO -- : master complete
I, [2022-01-26T10:01:10.749696 #46392]  INFO -- : Refreshing Gem list
I, [2022-01-26T10:01:11.608153 #46392]  INFO -- : unlinking existing socket=/Users/kazuki_kinebuchi/Desktop/work/inspect_CRM_AP/tmp/sockets/unicorn.sock
I, [2022-01-26T10:01:11.608353 #46392]  INFO -- : listening on addr=/Users/kazuki_kinebuchi/Desktop/work/inspect_CRM_AP/tmp/sockets/unicorn.sock fd=10
I, [2022-01-26T10:01:11.697705 #46392]  INFO -- : master process ready
I, [2022-01-26T10:01:11.699013 #46405]  INFO -- : worker=0 ready
I, [2022-01-26T10:01:11.699639 #46406]  INFO -- : worker=1 ready
I, [2022-01-26T10:05:15.353371 #46392]  INFO -- : reaped #<Process::Status: pid 46406 exit 0> worker=1
I, [2022-01-26T10:05:15.354824 #46392]  INFO -- : reaped #<Process::Status: pid 46405 exit 0> worker=0
I, [2022-01-26T10:05:15.355822 #46392]  INFO -- : master complete
